[0122/202038:ERROR:network_change_notifier_win.cc(111)] WSALookupServiceBegin failed with: 8
[0122/202043:INFO:CONSOLE(0)] "The page at about:blank displayed insecure content from launcher:javascriptReady.
," source: (1)
[0122/202252:WARNING:net_errors_win.cc(114)] Unknown error 64 mapped to net::ERR_FAILED
[0122/202252:WARNING:nss_ssl_util.cc(124)] MapErrorToNSS -2 mapped to PR_UNKNOWN_ERROR
[0122/202252:WARNING:net_errors_win.cc(114)] Unknown error 64 mapped to net::ERR_FAILED
[0122/202252:WARNING:nss_ssl_util.cc(124)] MapErrorToNSS -2 mapped to PR_UNKNOWN_ERROR
[0122/202252:WARNING:net_errors_win.cc(114)] Unknown error 64 mapped to net::ERR_FAILED
[0122/202252:WARNING:nss_ssl_util.cc(124)] MapErrorToNSS -2 mapped to PR_UNKNOWN_ERROR
[0122/202252:WARNING:net_errors_win.cc(114)] Unknown error 64 mapped to net::ERR_FAILED
[0122/202252:WARNING:nss_ssl_util.cc(124)] MapErrorToNSS -2 mapped to PR_UNKNOWN_ERROR
[0122/202252:WARNING:net_errors_win.cc(114)] Unknown error 64 mapped to net::ERR_FAILED
[0122/202252:WARNING:nss_ssl_util.cc(124)] MapErrorToNSS -2 mapped to PR_UNKNOWN_ERROR
[0122/202452:WARNING:net_errors_win.cc(114)] Unknown error 64 mapped to net::ERR_FAILED
[0122/202452:WARNING:nss_ssl_util.cc(124)] MapErrorToNSS -2 mapped to PR_UNKNOWN_ERROR
[0122/202723:WARNING:net_errors_win.cc(114)] Unknown error 64 mapped to net::ERR_FAILED
[0122/202723:WARNING:nss_ssl_util.cc(124)] MapErrorToNSS -2 mapped to PR_UNKNOWN_ERROR
[0123/000017:WARNING:net_errors_win.cc(114)] Unknown error 64 mapped to net::ERR_FAILED
[0123/000017:WARNING:nss_ssl_util.cc(124)] MapErrorToNSS -2 mapped to PR_UNKNOWN_ERROR
[0123/000117:WARNING:net_errors_win.cc(114)] Unknown error 64 mapped to net::ERR_FAILED
[0123/000117:WARNING:nss_ssl_util.cc(124)] MapErrorToNSS -2 mapped to PR_UNKNOWN_ERROR
[0123/000607:WARNING:net_errors_win.cc(114)] Unknown error 64 mapped to net::ERR_FAILED
[0123/000607:WARNING:nss_ssl_util.cc(124)] MapErrorToNSS -2 mapped to PR_UNKNOWN_ERROR
[0123/000627:WARNING:net_errors_win.cc(114)] Unknown error 64 mapped to net::ERR_FAILED
[0123/000627:WARNING:nss_ssl_util.cc(124)] MapErrorToNSS -2 mapped to PR_UNKNOWN_ERROR
[0125/212930:ERROR:network_change_notifier_win.cc(111)] WSALookupServiceBegin failed with: 8
[0125/212935:INFO:CONSOLE(0)] "The page at about:blank displayed insecure content from launcher:javascriptReady.
," source: (1)
[0125/213221:WARNING:net_errors_win.cc(114)] Unknown error 64 mapped to net::ERR_FAILED
[0125/213221:WARNING:nss_ssl_util.cc(124)] MapErrorToNSS -2 mapped to PR_UNKNOWN_ERROR
[0125/213453:WARNING:net_errors_win.cc(114)] Unknown error 64 mapped to net::ERR_FAILED
[0125/213453:WARNING:nss_ssl_util.cc(124)] MapErrorToNSS -2 mapped to PR_UNKNOWN_ERROR
[0125/213453:WARNING:net_errors_win.cc(114)] Unknown error 64 mapped to net::ERR_FAILED
[0125/213453:WARNING:nss_ssl_util.cc(124)] MapErrorToNSS -2 mapped to PR_UNKNOWN_ERROR
[0125/213751:WARNING:net_errors_win.cc(114)] Unknown error 64 mapped to net::ERR_FAILED
[0125/213751:WARNING:nss_ssl_util.cc(124)] MapErrorToNSS -2 mapped to PR_UNKNOWN_ERROR
[0125/213811:WARNING:net_errors_win.cc(114)] Unknown error 64 mapped to net::ERR_FAILED
[0125/213811:WARNING:nss_ssl_util.cc(124)] MapErrorToNSS -2 mapped to PR_UNKNOWN_ERROR
[0125/230647:WARNING:net_errors_win.cc(114)] Unknown error 64 mapped to net::ERR_FAILED
[0125/230647:WARNING:nss_ssl_util.cc(124)] MapErrorToNSS -2 mapped to PR_UNKNOWN_ERROR
[0125/230702:WARNING:net_errors_win.cc(114)] Unknown error 64 mapped to net::ERR_FAILED
[0125/230702:WARNING:nss_ssl_util.cc(124)] MapErrorToNSS -2 mapped to PR_UNKNOWN_ERROR
[0127/015003:ERROR:network_change_notifier_win.cc(111)] WSALookupServiceBegin failed with: 8
[0127/015008:INFO:CONSOLE(0)] "The page at about:blank displayed insecure content from launcher:javascriptReady.
," source: (1)
[0127/015449:WARNING:net_errors_win.cc(114)] Unknown error 64 mapped to net::ERR_FAILED
[0127/015449:WARNING:nss_ssl_util.cc(124)] MapErrorToNSS -2 mapped to PR_UNKNOWN_ERROR
[0127/015509:WARNING:net_errors_win.cc(114)] Unknown error 64 mapped to net::ERR_FAILED
[0127/015509:WARNING:nss_ssl_util.cc(124)] MapErrorToNSS -2 mapped to PR_UNKNOWN_ERROR
[0127/015513:WARNING:net_errors_win.cc(114)] Unknown error 64 mapped to net::ERR_FAILED
[0127/015513:WARNING:nss_ssl_util.cc(124)] MapErrorToNSS -2 mapped to PR_UNKNOWN_ERROR
[0127/015515:WARNING:net_errors_win.cc(114)] Unknown error 64 mapped to net::ERR_FAILED
[0127/015515:WARNING:nss_ssl_util.cc(124)] MapErrorToNSS -2 mapped to PR_UNKNOWN_ERROR
[0127/023804:WARNING:net_errors_win.cc(114)] Unknown error 64 mapped to net::ERR_FAILED
[0127/023804:WARNING:nss_ssl_util.cc(124)] MapErrorToNSS -2 mapped to PR_UNKNOWN_ERROR
[0127/023824:WARNING:net_errors_win.cc(114)] Unknown error 64 mapped to net::ERR_FAILED
[0127/023824:WARNING:nss_ssl_util.cc(124)] MapErrorToNSS -2 mapped to PR_UNKNOWN_ERROR
[0127/024930:WARNING:net_errors_win.cc(114)] Unknown error 64 mapped to net::ERR_FAILED
[0127/024930:WARNING:nss_ssl_util.cc(124)] MapErrorToNSS -2 mapped to PR_UNKNOWN_ERROR
[0127/024949:WARNING:net_errors_win.cc(114)] Unknown error 64 mapped to net::ERR_FAILED
[0127/024949:WARNING:nss_ssl_util.cc(124)] MapErrorToNSS -2 mapped to PR_UNKNOWN_ERROR
[0127/030700:WARNING:net_errors_win.cc(114)] Unknown error 64 mapped to net::ERR_FAILED
[0127/030700:WARNING:nss_ssl_util.cc(124)] MapErrorToNSS -2 mapped to PR_UNKNOWN_ERROR
[0127/030720:WARNING:net_errors_win.cc(114)] Unknown error 64 mapped to net::ERR_FAILED
[0127/030720:WARNING:nss_ssl_util.cc(124)] MapErrorToNSS -2 mapped to PR_UNKNOWN_ERROR
[0127/035310:WARNING:net_errors_win.cc(114)] Unknown error 64 mapped to net::ERR_FAILED
[0127/035310:WARNING:nss_ssl_util.cc(124)] MapErrorToNSS -2 mapped to PR_UNKNOWN_ERROR
[0127/035330:WARNING:net_errors_win.cc(114)] Unknown error 64 mapped to net::ERR_FAILED
[0127/035330:WARNING:nss_ssl_util.cc(124)] MapErrorToNSS -2 mapped to PR_UNKNOWN_ERROR
[0131/191456:ERROR:network_change_notifier_win.cc(111)] WSALookupServiceBegin failed with: 8
[0131/191504:INFO:CONSOLE(0)] "The page at about:blank displayed insecure content from launcher:javascriptReady.
," source: (1)
[0131/191714:WARNING:net_errors_win.cc(114)] Unknown error 64 mapped to net::ERR_FAILED
[0131/191714:WARNING:nss_ssl_util.cc(124)] MapErrorToNSS -2 mapped to PR_UNKNOWN_ERROR
[0131/191914:WARNING:net_errors_win.cc(114)] Unknown error 64 mapped to net::ERR_FAILED
[0131/191914:WARNING:nss_ssl_util.cc(124)] MapErrorToNSS -2 mapped to PR_UNKNOWN_ERROR
[0131/192055:WARNING:net_errors_win.cc(114)] Unknown error 64 mapped to net::ERR_FAILED
[0131/192055:WARNING:nss_ssl_util.cc(124)] MapErrorToNSS -2 mapped to PR_UNKNOWN_ERROR
[0131/192055:WARNING:net_errors_win.cc(114)] Unknown error 64 mapped to net::ERR_FAILED
[0131/192055:WARNING:nss_ssl_util.cc(124)] MapErrorToNSS -2 mapped to PR_UNKNOWN_ERROR
[0131/192939:WARNING:net_errors_win.cc(114)] Unknown error 64 mapped to net::ERR_FAILED
[0131/192939:WARNING:nss_ssl_util.cc(124)] MapErrorToNSS -2 mapped to PR_UNKNOWN_ERROR
[0131/193224:WARNING:net_errors_win.cc(114)] Unknown error 64 mapped to net::ERR_FAILED
[0131/193224:WARNING:nss_ssl_util.cc(124)] MapErrorToNSS -2 mapped to PR_UNKNOWN_ERROR
[0131/193224:WARNING:net_errors_win.cc(114)] Unknown error 64 mapped to net::ERR_FAILED
[0131/193224:WARNING:nss_ssl_util.cc(124)] MapErrorToNSS -2 mapped to PR_UNKNOWN_ERROR
